<?xml version="1.0" encoding="UTF-8"?>
<testng-results ignored="0" total="1" passed="1" failed="0" skipped="0">
  <reporter-output>
  </reporter-output>
  <suite started-at="2023-08-07T18:16:59 IST" name="Default suite" finished-at="2023-08-07T18:17:47 IST" duration-ms="48324">
    <groups>
    </groups>
    <test started-at="2023-08-07T18:16:59 IST" name="Default test" finished-at="2023-08-07T18:17:47 IST" duration-ms="48324">
      <class name="com.testcase.SignInGoogleAccount">
        <test-method is-config="true" signature="beforeClass()[pri:0, instance:com.testcase.SignInGoogleAccount@3a44431a]" started-at="2023-08-07T18:16:59 IST" name="beforeClass" finished-at="2023-08-07T18:16:59 IST" duration-ms="8" status="PASS">
          <reporter-output>
          </reporter-output>
        </test-method> <!-- beforeClass -->
        <test-method is-config="true" signature="initiateBrowser()[pri:0, instance:com.testcase.SignInGoogleAccount@3a44431a]" started-at="2023-08-07T18:16:59 IST" name="initiateBrowser" finished-at="2023-08-07T18:17:16 IST" duration-ms="17222" status="PASS">
          <reporter-output>
          </reporter-output>
        </test-method> <!-- initiateBrowser -->
        <test-method signature="verifySignInGoogleAccountWith2StepVerification()[pri:0, instance:com.testcase.SignInGoogleAccount@3a44431a]" started-at="2023-08-07T18:17:16 IST" name="verifySignInGoogleAccountWith2StepVerification" finished-at="2023-08-07T18:17:44 IST" duration-ms="28111" status="PASS">
          <reporter-output>
          </reporter-output>
        </test-method> <!-- verifySignInGoogleAccountWith2StepVerification -->
        <test-method is-config="true" signature="tearDowns()[pri:0, instance:com.testcase.SignInGoogleAccount@3a44431a]" started-at="2023-08-07T18:17:45 IST" name="tearDowns" finished-at="2023-08-07T18:17:47 IST" duration-ms="2831" status="PASS">
          <reporter-output>
          </reporter-output>
        </test-method> <!-- tearDowns -->
        <test-method is-config="true" signature="afterClass()[pri:0, instance:com.testcase.SignInGoogleAccount@3a44431a]" started-at="2023-08-07T18:17:47 IST" name="afterClass" finished-at="2023-08-07T18:17:47 IST" duration-ms="1" status="PASS">
          <reporter-output>
          </reporter-output>
        </test-method> <!-- afterClass -->
      </class> <!-- com.testcase.SignInGoogleAccount -->
    </test> <!-- Default test -->
  </suite> <!-- Default suite -->
</testng-results>
